2025-06-15 14:07:34,961 - main - INFO - Application startup event: Loading all necessary AI models and setting up directories...
2025-06-15 14:07:45,325 - main - INFO - Temporary audio directory already exists: C:\Users\ShemroonShop\Desktop\my_bots\ai_call_center\api_interface\..\temp_audio_files
2025-06-16 09:15:07,454 - main - INFO - Application startup event: Loading all necessary AI models and setting up directories...
2025-06-16 09:15:15,617 - main - INFO - Created temporary audio directory: C:\Users\ShemroonShop\Desktop\my_bots\ai_call_center\api_interface\..\temp_audio_files
2025-06-16 09:15:28,924 - main - INFO - Root endpoint accessed.
2025-06-16 09:19:18,760 - main - INFO - Application startup event: Loading all necessary AI models and setting up directories...
2025-06-16 09:19:25,000 - main - INFO - Temporary audio directory already exists: C:\Users\ShemroonShop\Desktop\my_bots\ai_call_center\api_interface\..\temp_audio_files
2025-06-16 09:20:31,831 - main - INFO - Application startup event: Loading all necessary AI models and setting up directories...
2025-06-16 09:20:38,670 - main - INFO - Temporary audio directory already exists: C:\Users\ShemroonShop\Desktop\my_bots\ai_call_center\api_interface\..\temp_audio_files
2025-06-16 09:29:12,181 - main - INFO - Application startup event: Loading all necessary AI models and setting up directories...
2025-06-16 09:29:17,697 - main - INFO - Temporary audio directory already exists: C:\Users\ShemroonShop\Desktop\my_bots\ai_call_center\api_interface\..\temp_audio_files
2025-06-16 09:33:22,766 - main - INFO - Application startup event: Loading all necessary AI models and setting up directories...
2025-06-16 09:33:29,127 - main - INFO - Temporary audio directory already exists: C:\Users\ShemroonShop\Desktop\my_bots\ai_call_center\api_interface\..\temp_audio_files
2025-06-16 09:38:55,855 - main - INFO - Application startup event: Loading all necessary AI models and setting up directories...
2025-06-16 09:39:02,733 - main - INFO - Temporary audio directory already exists: C:\Users\ShemroonShop\Desktop\my_bots\ai_call_center\api_interface\..\temp_audio_files
2025-06-16 09:41:10,745 - main - INFO - Application startup event: Loading all necessary AI models and setting up directories...
2025-06-16 09:41:16,889 - main - INFO - Temporary audio directory already exists: C:\Users\ShemroonShop\Desktop\my_bots\ai_call_center\api_interface\..\temp_audio_files
2025-06-16 09:43:56,481 - main - INFO - Application startup event: Loading all necessary AI models and setting up directories...
2025-06-16 09:44:03,134 - main - INFO - Temporary audio directory already exists: C:\Users\ShemroonShop\Desktop\my_bots\ai_call_center\api_interface\..\temp_audio_files
2025-06-16 09:45:23,305 - main - INFO - Application startup event: Loading all necessary AI models and setting up directories...
2025-06-16 09:45:29,422 - main - INFO - Temporary audio directory already exists: C:\Users\ShemroonShop\Desktop\my_bots\ai_call_center\api_interface\..\temp_audio_files
2025-06-16 09:46:19,839 - main - INFO - Application startup event: Loading all necessary AI models and setting up directories...
2025-06-16 09:46:30,885 - main - INFO - Temporary audio directory already exists: C:\Users\ShemroonShop\Desktop\my_bots\ai_call_center\api_interface\..\temp_audio_files
2025-06-16 09:49:02,631 - main - INFO - Application startup event: Loading all necessary AI models and setting up directories...
2025-06-16 09:49:09,505 - main - INFO - Temporary audio directory already exists: C:\Users\ShemroonShop\Desktop\my_bots\ai_call_center\api_interface\..\temp_audio_files
2025-06-16 09:56:02,962 - main - INFO - Application startup event: Loading all necessary AI models and setting up directories...
2025-06-16 09:56:08,404 - main - INFO - Temporary audio directory already exists: C:\Users\ShemroonShop\Desktop\my_bots\ai_call_center\api_interface\..\temp_audio_files
2025-06-16 09:59:21,688 - main - INFO - Application startup event: Loading all necessary AI models and setting up directories...
2025-06-16 09:59:27,884 - main - INFO - Temporary audio directory already exists: C:\Users\ShemroonShop\Desktop\my_bots\ai_call_center\api_interface\..\temp_audio_files
2025-06-16 09:59:55,092 - main - INFO - Application startup event: Loading all necessary AI models and setting up directories...
2025-06-16 10:00:03,491 - main - INFO - Temporary audio directory already exists: C:\Users\ShemroonShop\Desktop\my_bots\ai_call_center\api_interface\..\temp_audio_files
2025-06-16 10:04:36,559 - main - INFO - Application startup event: Loading all necessary AI models and setting up directories...
2025-06-16 10:04:42,657 - main - INFO - Temporary audio directory already exists: C:\Users\ShemroonShop\Desktop\my_bots\ai_call_center\api_interface\..\temp_audio_files
2025-06-16 10:05:06,569 - main - INFO - Application startup event: Loading all necessary AI models and setting up directories...
2025-06-16 10:05:13,196 - main - INFO - Temporary audio directory already exists: C:\Users\ShemroonShop\Desktop\my_bots\ai_call_center\api_interface\..\temp_audio_files
2025-06-16 10:23:33,284 - main - INFO - Application startup event: Loading all necessary AI models and setting up directories...
2025-06-16 10:25:23,450 - main - INFO - Application startup event: Loading all necessary AI models and setting up directories...
2025-06-16 10:25:28,845 - main - INFO - Temporary audio directory already exists: C:\Users\ShemroonShop\Desktop\my_bots\ai_call_center\api_interface\..\temp_audio_files
2025-06-16 10:30:59,225 - phonemizer - WARNING - words count mismatch on 100.0% of the lines (1/1)
2025-06-16 10:30:59,243 - phonemizer - WARNING - words count mismatch on 100.0% of the lines (1/1)
2025-06-16 10:38:31,740 - main - INFO - Application startup event: Loading all necessary AI models and setting up directories...
2025-06-16 10:38:40,169 - main - INFO - Temporary audio directory already exists: C:\Users\ShemroonShop\Desktop\my_bots\ai_call_center\api_interface\..\temp_audio_files
2025-06-16 10:46:13,507 - phonemizer - WARNING - words count mismatch on 100.0% of the lines (1/1)
2025-06-16 10:46:13,519 - phonemizer - WARNING - words count mismatch on 100.0% of the lines (1/1)
2025-06-16 10:55:45,437 - main - INFO - Application startup event: Loading all necessary AI models and setting up directories...
2025-06-16 10:55:51,421 - main - INFO - Temporary audio directory already exists: C:\Users\ShemroonShop\Desktop\my_bots\ai_call_center\api_interface\..\temp_audio_files
2025-06-16 11:00:20,165 - phonemizer - WARNING - words count mismatch on 100.0% of the lines (1/1)
2025-06-16 11:00:20,170 - phonemizer - WARNING - words count mismatch on 100.0% of the lines (1/1)
2025-06-16 11:07:00,193 - main - INFO - Application startup event: Loading all necessary AI models and setting up directories...
2025-06-16 11:07:06,473 - main - INFO - Temporary audio directory already exists: C:\Users\ShemroonShop\Desktop\my_bots\ai_call_center\api_interface\..\temp_audio_files
